"2021-05-19 09:55:23 [restartedMain] INFO  com.example.demo.DemoApplication Starting DemoApplication using Java 1.8.0_242 on CGSCLXR74113092 with PID 8012 (C:\Users\ADPATIL\IdeaProjects\Demo project for logging\demo\build\classes\java\main started by ADPATIL in C:\Users\ADPATIL\IdeaProjects\Demo project for logging\demo)
""2021-05-19 09:55:23 [restartedMain] DEBUG com.example.demo.DemoApplication Running with Spring Boot v2.4.5, Spring v5.3.6
""2021-05-19 09:55:23 [restartedMain] INFO  com.example.demo.DemoApplication No active profile set, falling back to default profiles: default
""2021-05-19 09:55:23 [restartedMain] INFO  o.s.b.d.e.DevToolsPropertyDefaultsPostProcessor Devtools property defaults active! Set 'spring.devtools.add-properties' to 'false' to disable
""2021-05-19 09:55:23 [restartedMain] INFO  o.s.b.d.e.DevToolsPropertyDefaultsPostProcessor For additional web related logging consider setting the 'logging.level.web' property to 'DEBUG'
""2021-05-19 09:55:23 [restartedMain] INFO  o.s.d.r.c.RepositoryConfigurationDelegate Bootstrapping Spring Data JPA repositories in DEFAULT mode.
""2021-05-19 09:55:23 [restartedMain] INFO  o.s.d.r.c.RepositoryConfigurationDelegate Finished Spring Data repository scanning in 9 ms. Found 0 JPA repository interfaces.
""2021-05-19 09:55:25 [restartedMain] INFO  o.s.b.w.e.tomcat.TomcatWebServer Tomcat initialized with port(s): 9111 (http)
""2021-05-19 09:55:25 [restartedMain] INFO  o.a.catalina.core.StandardService Starting service [Tomcat]
""2021-05-19 09:55:25 [restartedMain] INFO  o.a.catalina.core.StandardEngine Starting Servlet engine: [Apache Tomcat/9.0.45]
""2021-05-19 09:55:25 [restartedMain] INFO  o.a.c.c.C.[Tomcat].[localhost].[/] Initializing Spring embedded WebApplicationContext
""2021-05-19 09:55:25 [restartedMain] INFO  o.s.b.w.s.c.ServletWebServerApplicationContext Root WebApplicationContext: initialization completed in 1903 ms
""2021-05-19 09:55:25 [restartedMain] INFO  com.zaxxer.hikari.HikariDataSource HikariPool-1 - Starting...
""2021-05-19 09:55:25 [restartedMain] INFO  com.zaxxer.hikari.HikariDataSource HikariPool-1 - Start completed.
""2021-05-19 09:55:25 [restartedMain] INFO  o.s.b.a.h.H2ConsoleAutoConfiguration H2 console available at '/h2-console'. Database available at 'jdbc:h2:mem:e73b6011-dc5a-4a07-827c-73f536d3ed2a'
""2021-05-19 09:55:25 [restartedMain] INFO  o.h.jpa.internal.util.LogHelper HHH000204: Processing PersistenceUnitInfo [name: default]
""2021-05-19 09:55:25 [restartedMain] INFO  org.hibernate.Version HHH000412: Hibernate ORM core version 5.4.30.Final
""2021-05-19 09:55:26 [restartedMain] INFO  o.h.annotations.common.Version HCANN000001: Hibernate Commons Annotations {5.1.2.Final}
""2021-05-19 09:55:26 [restartedMain] INFO  org.hibernate.dialect.Dialect HHH000400: Using dialect: org.hibernate.dialect.H2Dialect
""2021-05-19 09:55:26 [restartedMain] INFO  o.h.e.t.j.p.i.JtaPlatformInitiator HHH000490: Using JtaPlatform implementation: [org.hibernate.engine.transaction.jta.platform.internal.NoJtaPlatform]
""2021-05-19 09:55:26 [restartedMain] INFO  o.s.o.j.LocalContainerEntityManagerFactoryBean Initialized JPA EntityManagerFactory for persistence unit 'default'
""2021-05-19 09:55:26 [restartedMain] INFO  o.s.b.d.a.OptionalLiveReloadServer LiveReload server is running on port 35729
""2021-05-19 09:55:26 [restartedMain] WARN  o.s.b.a.o.j.JpaBaseConfiguration$JpaWebConfiguration spring.jpa.open-in-view is enabled by default. Therefore, database queries may be performed during view rendering. Explicitly configure spring.jpa.open-in-view to disable this warning
""2021-05-19 09:55:26 [restartedMain] INFO  o.s.s.c.ThreadPoolTaskExecutor Initializing ExecutorService 'applicationTaskExecutor'
""2021-05-19 09:55:26 [restartedMain] INFO  o.s.b.w.e.tomcat.TomcatWebServer Tomcat started on port(s): 9111 (http) with context path ''
""2021-05-19 09:55:27 [restartedMain] INFO  com.example.demo.DemoApplication Started DemoApplication in 4.218 seconds (JVM running for 4.697)
""2021-05-19 09:55:32 [http-nio-9111-exec-1] INFO  o.a.c.c.C.[Tomcat].[localhost].[/] Initializing Spring DispatcherServlet 'dispatcherServlet'
""2021-05-19 09:55:32 [http-nio-9111-exec-1] DEBUG com.example.demo.DemoApplication Request Java
""2021-05-19 09:55:32 [http-nio-9111-exec-1] DEBUG com.example.demo.DemoApplication Request HiJava
"